[debug] [2022-07-27T01:05:51.530Z] ----------------------------------------------------------------------
[debug] [2022-07-27T01:05:51.533Z] Command:       C:\Program Files\nodejs\node.exe C:\Users\Rodry\AppData\Roaming\npm\node_modules\firebase-tools\lib\bin\firebase.js init
[debug] [2022-07-27T01:05:51.533Z] CLI Version:   11.4.0
[debug] [2022-07-27T01:05:51.534Z] Platform:      win32
[debug] [2022-07-27T01:05:51.534Z] Node Version:  v16.14.2
[debug] [2022-07-27T01:05:51.535Z] Time:          Tue Jul 26 2022 22:05:51 GMT-0300 (hora estándar de Argentina)
[debug] [2022-07-27T01:05:51.536Z] ----------------------------------------------------------------------
[debug] 
[debug] [2022-07-27T01:05:51.625Z] > command requires scopes: ["email","openid","https://www.googleapis.com/auth/cloudplatformprojects.readonly","https://www.googleapis.com/auth/firebase","https://www.googleapis.com/auth/cloud-platform"]
[debug] [2022-07-27T01:05:51.626Z] > authorizing via signed-in user (rodryam88@gmail.com)
[info] 
     ######## #### ########  ######## ########     ###     ######  ########
     ##        ##  ##     ## ##       ##     ##  ##   ##  ##       ##
     ######    ##  ########  ######   ########  #########  ######  ######
     ##        ##  ##    ##  ##       ##     ## ##     ##       ## ##
     ##       #### ##     ## ######## ########  ##     ##  ######  ########

You're about to initialize a Firebase project in this directory:

  C:\Users\Rodry\Desktop\Portfolio\PortfolioAP\PORTFOLIOAP

Before we get started, keep in mind:

  * You are initializing within an existing Firebase project directory

[info] 
=== Project Setup
[info] 
[info] First, let's associate this project directory with a Firebase project.
[info] You can create multiple project aliases by running firebase use --add, 
[info] but for now we'll just set up a default project.
[info] 
[debug] [2022-07-27T01:06:07.276Z] Using project from CLI flag: frontargentinaprograma
[debug] [2022-07-27T01:06:07.278Z] > refreshing access token with scopes: []
[debug] [2022-07-27T01:06:07.281Z] >>> [apiv2][query] POST https://www.googleapis.com/oauth2/v3/token [none]
[debug] [2022-07-27T01:06:07.281Z] >>> [apiv2][body] POST https://www.googleapis.com/oauth2/v3/token [omitted]
[debug] [2022-07-27T01:06:07.558Z] <<< [apiv2][status] POST https://www.googleapis.com/oauth2/v3/token 200
[debug] [2022-07-27T01:06:07.558Z] <<< [apiv2][body] POST https://www.googleapis.com/oauth2/v3/token [omitted]
[debug] [2022-07-27T01:06:07.570Z] >>> [apiv2][query] GET https://firebase.googleapis.com/v1beta1/projects/frontargentinaprograma [none]
[debug] [2022-07-27T01:06:08.702Z] <<< [apiv2][status] GET https://firebase.googleapis.com/v1beta1/projects/frontargentinaprograma 200
[debug] [2022-07-27T01:06:08.702Z] <<< [apiv2][body] GET https://firebase.googleapis.com/v1beta1/projects/frontargentinaprograma {"projectId":"frontargentinaprograma","projectNumber":"520406743918","displayName":"FrontArgentinaPrograma","name":"projects/frontargentinaprograma","resources":{"hostingSite":"frontargentinaprograma"},"state":"ACTIVE","etag":"1_579f81d1-e836-47ec-9f7b-8452e0a8610d"}
[info] i  Using project frontargentinaprograma (FrontArgentinaPrograma) 
[info] 
=== Hosting Setup
[info] 
[info] Your public directory is the folder (relative to your project directory) that
[info] will contain Hosting assets to be uploaded with firebase deploy. If you
[info] have a build process for your assets, use your build's output directory.
[info] 
[debug] [2022-07-27T01:08:35.804Z] >>> [apiv2][query] GET https://www.gstatic.com/firebasejs/releases.json [none]
[debug] [2022-07-27T01:08:36.001Z] <<< [apiv2][status] GET https://www.gstatic.com/firebasejs/releases.json 200
[debug] [2022-07-27T01:08:36.002Z] <<< [apiv2][body] GET https://www.gstatic.com/firebasejs/releases.json {"current":{"version":"9.9.1","browserURL":"https://www.gstatic.com/firebasejs/9.9.1/firebase.js","packageURL":"https://www.gstatic.com/firebasejs/9.9.1/firebase.tgz"},"live":{"version":"9.9","browserURL":"https://www.gstatic.com/firebasejs/live/9.9/firebase.js","packageURL":"https://www.gstatic.com/firebasejs/live/9.9/firebase.tgz"},"components":{"analytics":"https://www.gstatic.com/firebasejs/9.9.1/firebase-analytics.js","app":"https://www.gstatic.com/firebasejs/9.9.1/firebase-app.js","app-check":"https://www.gstatic.com/firebasejs/9.9.1/firebase-app-check.js","auth":"https://www.gstatic.com/firebasejs/9.9.1/firebase-auth.js","auth/cordova":"https://www.gstatic.com/firebasejs/9.9.1/firebase-auth/cordova.js","auth/react-native":"https://www.gstatic.com/firebasejs/9.9.1/firebase-auth/react-native.js","functions":"https://www.gstatic.com/firebasejs/9.9.1/firebase-functions.js","firestore":"https://www.gstatic.com/firebasejs/9.9.1/firebase-firestore.js","firestore/lite":"https://www.gstatic.com/firebasejs/9.9.1/firebase-firestore/lite.js","installations":"https://www.gstatic.com/firebasejs/9.9.1/firebase-installations.js","storage":"https://www.gstatic.com/firebasejs/9.9.1/firebase-storage.js","performance":"https://www.gstatic.com/firebasejs/9.9.1/firebase-performance.js","remote-config":"https://www.gstatic.com/firebasejs/9.9.1/firebase-remote-config.js","messaging":"https://www.gstatic.com/firebasejs/9.9.1/firebase-messaging.js","messaging/sw":"https://www.gstatic.com/firebasejs/9.9.1/firebase-messaging/sw.js","database":"https://www.gstatic.com/firebasejs/9.9.1/firebase-database.js","firestore.memory":"https://www.gstatic.com/firebasejs/9.9.1/firebase-firestore.memory.js"}}
[info] +  Wrote y/index.html 
[info] 
[info] i  Detected a .git folder at C:\Users\Rodry\Desktop\Portfolio\PortfolioAP\PORTFOLIOAP 
[info] i  Authorizing with GitHub to upload your service account to a GitHub repository's secrets store. 
[info] 
[info] Visit this URL on this device to log in:
[info] https://github.com/login/oauth/authorize?client_id=89cf50f02ac6aaed3484&state=21728990&redirect_uri=http%3A%2F%2Flocalhost%3A9005&scope=read%3Auser%20repo%20public_repo
[info] 
[info] Waiting for authentication...
[debug] [2022-07-27T01:08:36.926Z] >>> [apiv2][query] POST https://github.com/login/oauth/access_token [none]
[debug] [2022-07-27T01:08:36.927Z] >>> [apiv2][body] POST https://github.com/login/oauth/access_token [stream]
[debug] [2022-07-27T01:08:37.373Z] <<< [apiv2][status] POST https://github.com/login/oauth/access_token 200
[debug] [2022-07-27T01:08:37.373Z] <<< [apiv2][body] POST https://github.com/login/oauth/access_token {"access_token":"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","token_type":"bearer","scope":"read:user,repo"}
[debug] [2022-07-27T01:08:37.379Z] >>> [apiv2][query] GET https://api.github.com/user [none]
[debug] [2022-07-27T01:08:37.836Z] <<< [apiv2][status] GET https://api.github.com/user 200
[debug] [2022-07-27T01:08:37.836Z] <<< [apiv2][body] GET https://api.github.com/user {"login":"RodryDev","id":72726775,"node_id":"MDQ6VXNlcjcyNzI2Nzc1","avatar_url":"https://avatars.githubusercontent.com/u/72726775?v=4","gravatar_id":"","url":"https://api.github.com/users/RodryDev","html_url":"https://github.com/RodryDev","followers_url":"https://api.github.com/users/RodryDev/followers","following_url":"https://api.github.com/users/RodryDev/following{/other_user}","gists_url":"https://api.github.com/users/RodryDev/gists{/gist_id}","starred_url":"https://api.github.com/users/RodryDev/starred{/owner}{/repo}","subscriptions_url":"https://api.github.com/users/RodryDev/subscriptions","organizations_url":"https://api.github.com/users/RodryDev/orgs","repos_url":"https://api.github.com/users/RodryDev/repos","events_url":"https://api.github.com/users/RodryDev/events{/privacy}","received_events_url":"https://api.github.com/users/RodryDev/received_events","type":"User","site_admin":false,"name":null,"company":null,"blog":"","location":null,"email":null,"hireable":null,"bio":null,"twitter_username":null,"public_repos":8,"public_gists":0,"followers":3,"following":6,"created_at":"2020-10-12T06:19:57Z","updated_at":"2022-03-30T03:31:50Z","private_gists":0,"total_private_repos":0,"owned_private_repos":0,"disk_usage":192,"collaborators":0,"two_factor_authentication":false,"plan":{"name":"free","space":976562499,"collaborators":0,"private_repos":10000}}
[info] 
[info] +  Success! Logged into GitHub as RodryDev 
[info] 
